Determining if the pthread_create exist failed with the following output:
Change Dir: /home/jennie/irecheck/iReCheck/qtrobot_ws/build_isolated/new_qt/CMakeFiles/CMakeTmp

Run Build Command:"/usr/bin/make" "cmTC_1637c/fast"
/usr/bin/make -f CMakeFiles/cmTC_1637c.dir/build.make CMakeFiles/cmTC_1637c.dir/build
make[1]: Entering directory '/home/jennie/irecheck/iReCheck/qtrobot_ws/build_isolated/new_qt/CMakeFiles/CMakeTmp'
Building C object CMakeFiles/cmTC_1637c.dir/CheckSymbolExists.c.o
/usr/bin/cc     -o CMakeFiles/cmTC_1637c.dir/CheckSymbolExists.c.o   -c /home/jennie/irecheck/iReCheck/qtrobot_ws/build_isolated/new_qt/CMakeFiles/CMakeTmp/CheckSymbolExists.c
Linking C executable cmTC_1637c
/usr/bin/cmake -E cmake_link_script CMakeFiles/cmTC_1637c.dir/link.txt --verbose=1
/usr/bin/cc       CMakeFiles/cmTC_1637c.dir/CheckSymbolExists.c.o  -o cmTC_1637c -rdynamic 
CMakeFiles/cmTC_1637c.dir/CheckSymbolExists.c.o: In function `main':
CheckSymbolExists.c:(.text+0x16): undefined reference to `pthread_create'
collect2: error: ld returned 1 exit status
CMakeFiles/cmTC_1637c.dir/build.make:97: recipe for target 'cmTC_1637c' failed
make[1]: *** [cmTC_1637c] Error 1
make[1]: Leaving directory '/home/jennie/irecheck/iReCheck/qtrobot_ws/build_isolated/new_qt/CMakeFiles/CMakeTmp'
Makefile:126: recipe for target 'cmTC_1637c/fast' failed
make: *** [cmTC_1637c/fast] Error 2

File /home/jennie/irecheck/iReCheck/qtrobot_ws/build_isolated/new_qt/CMakeFiles/CMakeTmp/CheckSymbolExists.c:
/* */
#include <pthread.h>

int main(int argc, char** argv)
{
  (void)argv;
#ifndef pthread_create
  return ((int*)(&pthread_create))[argc];
#else
  (void)argc;
  return 0;
#endif
}

Determining if the function pthread_create exists in the pthreads failed with the following output:
Change Dir: /home/jennie/irecheck/iReCheck/qtrobot_ws/build_isolated/new_qt/CMakeFiles/CMakeTmp

Run Build Command:"/usr/bin/make" "cmTC_2cafe/fast"
/usr/bin/make -f CMakeFiles/cmTC_2cafe.dir/build.make CMakeFiles/cmTC_2cafe.dir/build
make[1]: Entering directory '/home/jennie/irecheck/iReCheck/qtrobot_ws/build_isolated/new_qt/CMakeFiles/CMakeTmp'
Building C object CMakeFiles/cmTC_2cafe.dir/CheckFunctionExists.c.o
/usr/bin/cc    -DCHECK_FUNCTION_EXISTS=pthread_create   -o CMakeFiles/cmTC_2cafe.dir/CheckFunctionExists.c.o   -c /usr/share/cmake-3.5/Modules/CheckFunctionExists.c
Linking C executable cmTC_2cafe
/usr/bin/cmake -E cmake_link_script CMakeFiles/cmTC_2cafe.dir/link.txt --verbose=1
/usr/bin/cc   -DCHECK_FUNCTION_EXISTS=pthread_create    CMakeFiles/cmTC_2cafe.dir/CheckFunctionExists.c.o  -o cmTC_2cafe -rdynamic -lpthreads 
/usr/bin/ld: cannot find -lpthreads
collect2: error: ld returned 1 exit status
CMakeFiles/cmTC_2cafe.dir/build.make:97: recipe for target 'cmTC_2cafe' failed
make[1]: *** [cmTC_2cafe] Error 1
make[1]: Leaving directory '/home/jennie/irecheck/iReCheck/qtrobot_ws/build_isolated/new_qt/CMakeFiles/CMakeTmp'
Makefile:126: recipe for target 'cmTC_2cafe/fast' failed
make: *** [cmTC_2cafe/fast] Error 2


