Determining if the pthread_create exist failed with the following output:
Change Dir: /home/jennie/irecheck/iReCheck/qtrobot_ws/build_isolated/motors_moveit/CMakeFiles/CMakeTmp

Run Build Command:"/usr/bin/make" "cmTC_3ef2b/fast"
/usr/bin/make -f CMakeFiles/cmTC_3ef2b.dir/build.make CMakeFiles/cmTC_3ef2b.dir/build
make[1]: Entering directory '/home/jennie/irecheck/iReCheck/qtrobot_ws/build_isolated/motors_moveit/CMakeFiles/CMakeTmp'
Building C object CMakeFiles/cmTC_3ef2b.dir/CheckSymbolExists.c.o
/usr/bin/cc     -o CMakeFiles/cmTC_3ef2b.dir/CheckSymbolExists.c.o   -c /home/jennie/irecheck/iReCheck/qtrobot_ws/build_isolated/motors_moveit/CMakeFiles/CMakeTmp/CheckSymbolExists.c
Linking C executable cmTC_3ef2b
/usr/bin/cmake -E cmake_link_script CMakeFiles/cmTC_3ef2b.dir/link.txt --verbose=1
/usr/bin/cc       CMakeFiles/cmTC_3ef2b.dir/CheckSymbolExists.c.o  -o cmTC_3ef2b -rdynamic 
CMakeFiles/cmTC_3ef2b.dir/CheckSymbolExists.c.o: In function `main':
CheckSymbolExists.c:(.text+0x16): undefined reference to `pthread_create'
collect2: error: ld returned 1 exit status
CMakeFiles/cmTC_3ef2b.dir/build.make:97: recipe for target 'cmTC_3ef2b' failed
make[1]: *** [cmTC_3ef2b] Error 1
make[1]: Leaving directory '/home/jennie/irecheck/iReCheck/qtrobot_ws/build_isolated/motors_moveit/CMakeFiles/CMakeTmp'
Makefile:126: recipe for target 'cmTC_3ef2b/fast' failed
make: *** [cmTC_3ef2b/fast] Error 2

File /home/jennie/irecheck/iReCheck/qtrobot_ws/build_isolated/motors_moveit/CMakeFiles/CMakeTmp/CheckSymbolExists.c:
/* */
#include <pthread.h>

int main(int argc, char** argv)
{
  (void)argv;
#ifndef pthread_create
  return ((int*)(&pthread_create))[argc];
#else
  (void)argc;
  return 0;
#endif
}

Determining if the function pthread_create exists in the pthreads failed with the following output:
Change Dir: /home/jennie/irecheck/iReCheck/qtrobot_ws/build_isolated/motors_moveit/CMakeFiles/CMakeTmp

Run Build Command:"/usr/bin/make" "cmTC_4f5aa/fast"
/usr/bin/make -f CMakeFiles/cmTC_4f5aa.dir/build.make CMakeFiles/cmTC_4f5aa.dir/build
make[1]: Entering directory '/home/jennie/irecheck/iReCheck/qtrobot_ws/build_isolated/motors_moveit/CMakeFiles/CMakeTmp'
Building C object CMakeFiles/cmTC_4f5aa.dir/CheckFunctionExists.c.o
/usr/bin/cc    -DCHECK_FUNCTION_EXISTS=pthread_create   -o CMakeFiles/cmTC_4f5aa.dir/CheckFunctionExists.c.o   -c /usr/share/cmake-3.5/Modules/CheckFunctionExists.c
Linking C executable cmTC_4f5aa
/usr/bin/cmake -E cmake_link_script CMakeFiles/cmTC_4f5aa.dir/link.txt --verbose=1
/usr/bin/cc   -DCHECK_FUNCTION_EXISTS=pthread_create    CMakeFiles/cmTC_4f5aa.dir/CheckFunctionExists.c.o  -o cmTC_4f5aa -rdynamic -lpthreads 
/usr/bin/ld: cannot find -lpthreads
collect2: error: ld returned 1 exit status
CMakeFiles/cmTC_4f5aa.dir/build.make:97: recipe for target 'cmTC_4f5aa' failed
make[1]: *** [cmTC_4f5aa] Error 1
make[1]: Leaving directory '/home/jennie/irecheck/iReCheck/qtrobot_ws/build_isolated/motors_moveit/CMakeFiles/CMakeTmp'
Makefile:126: recipe for target 'cmTC_4f5aa/fast' failed
make: *** [cmTC_4f5aa/fast] Error 2


