[35m[1mScanning dependencies of target moveit_rviz_plugin_render_tools_automoc[0m
[  1%] [34m[1mAutomatic moc for target moveit_rviz_plugin_render_tools[0m
[34m[1mGenerating moc_trajectory_panel.cpp[0m
[34m[1mGenerating moc_trajectory_visualization.cpp[0m
[  1%] Built target moveit_rviz_plugin_render_tools_automoc
[35m[1mScanning dependencies of target moveit_robot_state_rviz_plugin_core_automoc[0m
[  3%] [34m[1mAutomatic moc for target moveit_robot_state_rviz_plugin_core[0m
[34m[1mGenerating moc_robot_state_display.cpp[0m
[  3%] Built target moveit_robot_state_rviz_plugin_core_automoc
[35m[1mScanning dependencies of target moveit_robot_state_rviz_plugin_automoc[0m
[  5%] [34m[1mAutomatic moc for target moveit_robot_state_rviz_plugin[0m
[  5%] Built target moveit_robot_state_rviz_plugin_automoc
[35m[1mScanning dependencies of target moveit_planning_scene_rviz_plugin_core_automoc[0m
[  7%] [34m[1mAutomatic moc for target moveit_planning_scene_rviz_plugin_core[0m
[34m[1mGenerating moc_planning_scene_display.cpp[0m
[  7%] Built target moveit_planning_scene_rviz_plugin_core_automoc
[35m[1mScanning dependencies of target moveit_planning_scene_rviz_plugin_automoc[0m
[  9%] [34m[1mAutomatic moc for target moveit_planning_scene_rviz_plugin[0m
[  9%] Built target moveit_planning_scene_rviz_plugin_automoc
[35m[1mScanning dependencies of target moveit_motion_planning_rviz_plugin_core_automoc[0m
[ 11%] [34m[1mAutomatic moc for target moveit_motion_planning_rviz_plugin_core[0m
[34m[1mGenerating moc_motion_planning_display.cpp[0m
[34m[1mGenerating moc_motion_planning_frame.cpp[0m
[34m[1mGenerating moc_motion_planning_frame_joints_widget.cpp[0m
[34m[1mGenerating moc_motion_planning_param_widget.cpp[0m
[35m[1mScanning dependencies of target moveit_motion_planning_rviz_plugin_automoc[0m
[ 13%] [34m[1mAutomatic moc for target moveit_motion_planning_rviz_plugin[0m
[ 13%] Built target moveit_motion_planning_rviz_plugin_core_automoc
[35m[1mScanning dependencies of target moveit_trajectory_rviz_plugin_core_automoc[0m
[ 13%] Built target moveit_motion_planning_rviz_plugin_automoc
[ 15%] [34m[1mAutomatic moc for target moveit_trajectory_rviz_plugin_core[0m
[34m[1mGenerating moc_trajectory_display.cpp[0m
[ 15%] Built target moveit_trajectory_rviz_plugin_core_automoc
[35m[1mScanning dependencies of target moveit_trajectory_rviz_plugin_automoc[0m
[ 16%] [34m[1mAutomatic moc for target moveit_trajectory_rviz_plugin[0m
[ 16%] Built target moveit_trajectory_rviz_plugin_automoc
[35m[1mScanning dependencies of target moveit_rviz_plugin_render_tools[0m
[ 18%] [32mBuilding CXX object rviz_plugin_render_tools/CMakeFiles/moveit_rviz_plugin_render_tools.dir/src/render_shapes.cpp.o[0m
[ 20%] [32mBuilding CXX object rviz_plugin_render_tools/CMakeFiles/moveit_rviz_plugin_render_tools.dir/src/robot_state_visualization.cpp.o[0m
[ 22%] [32mBuilding CXX object rviz_plugin_render_tools/CMakeFiles/moveit_rviz_plugin_render_tools.dir/src/planning_scene_render.cpp.o[0m
[ 24%] [32mBuilding CXX object rviz_plugin_render_tools/CMakeFiles/moveit_rviz_plugin_render_tools.dir/src/planning_link_updater.cpp.o[0m
[ 26%] [32mBuilding CXX object rviz_plugin_render_tools/CMakeFiles/moveit_rviz_plugin_render_tools.dir/src/octomap_render.cpp.o[0m
[ 28%] [32mBuilding CXX object rviz_plugin_render_tools/CMakeFiles/moveit_rviz_plugin_render_tools.dir/src/trajectory_visualization.cpp.o[0m
[ 30%] [32mBuilding CXX object rviz_plugin_render_tools/CMakeFiles/moveit_rviz_plugin_render_tools.dir/src/trajectory_panel.cpp.o[0m
[ 32%] [32mBuilding CXX object rviz_plugin_render_tools/CMakeFiles/moveit_rviz_plugin_render_tools.dir/moveit_rviz_plugin_render_tools_automoc.cpp.o[0m
[ 33%] [32m[1mLinking CXX shared library /home/jennie/irecheck/iReCheck/qtrobot_ws/devel/.private/moveit_ros_visualization/lib/libmoveit_rviz_plugin_render_tools.so[0m
[ 33%] Built target moveit_rviz_plugin_render_tools
[35m[1mScanning dependencies of target moveit_planning_scene_rviz_plugin_core[0m
[35m[1mScanning dependencies of target moveit_robot_state_rviz_plugin_core[0m
[ 35%] [32mBuilding CXX object robot_state_rviz_plugin/CMakeFiles/moveit_robot_state_rviz_plugin_core.dir/src/robot_state_display.cpp.o[0m
[ 37%] [32mBuilding CXX object robot_state_rviz_plugin/CMakeFiles/moveit_robot_state_rviz_plugin_core.dir/moveit_robot_state_rviz_plugin_core_automoc.cpp.o[0m
[ 39%] [32mBuilding CXX object planning_scene_rviz_plugin/CMakeFiles/moveit_planning_scene_rviz_plugin_core.dir/src/planning_scene_display.cpp.o[0m
[ 41%] [32mBuilding CXX object planning_scene_rviz_plugin/CMakeFiles/moveit_planning_scene_rviz_plugin_core.dir/moveit_planning_scene_rviz_plugin_core_automoc.cpp.o[0m
[ 43%] [32m[1mLinking CXX shared library /home/jennie/irecheck/iReCheck/qtrobot_ws/devel/.private/moveit_ros_visualization/lib/libmoveit_planning_scene_rviz_plugin_core.so[0m
[ 43%] Built target moveit_planning_scene_rviz_plugin_core
[ 45%] [34m[1mGenerating ui_motion_planning_rviz_plugin_frame_joints.h[0m
[35m[1mScanning dependencies of target moveit_planning_scene_rviz_plugin[0m
[35m[1mScanning dependencies of target moveit_trajectory_rviz_plugin_core[0m
[ 47%] [34m[1mGenerating ui_motion_planning_rviz_plugin_frame.h[0m
[35m[1mScanning dependencies of target moveit_motion_planning_rviz_plugin_core[0m
[ 49%] [32mBuilding CXX object planning_scene_rviz_plugin/CMakeFiles/moveit_planning_scene_rviz_plugin.dir/src/plugin_init.cpp.o[0m
[ 50%] [32mBuilding CXX object trajectory_rviz_plugin/CMakeFiles/moveit_trajectory_rviz_plugin_core.dir/src/trajectory_display.cpp.o[0m
[ 52%] [32m[1mLinking CXX shared library /home/jennie/irecheck/iReCheck/qtrobot_ws/devel/.private/moveit_ros_visualization/lib/libmoveit_robot_state_rviz_plugin_core.so[0m
[ 54%] [32mBuilding CXX object motion_planning_rviz_plugin/CMakeFiles/moveit_motion_planning_rviz_plugin_core.dir/src/motion_planning_frame.cpp.o[0m
[ 54%] Built target moveit_robot_state_rviz_plugin_core
[ 56%] [32mBuilding CXX object trajectory_rviz_plugin/CMakeFiles/moveit_trajectory_rviz_plugin_core.dir/moveit_trajectory_rviz_plugin_core_automoc.cpp.o[0m
[ 58%] [32mBuilding CXX object motion_planning_rviz_plugin/CMakeFiles/moveit_motion_planning_rviz_plugin_core.dir/src/motion_planning_frame_context.cpp.o[0m
[ 60%] [32m[1mLinking CXX shared library /home/jennie/irecheck/iReCheck/qtrobot_ws/devel/.private/moveit_ros_visualization/lib/libmoveit_trajectory_rviz_plugin_core.so[0m
[ 60%] Built target moveit_trajectory_rviz_plugin_core
[35m[1mScanning dependencies of target moveit_robot_state_rviz_plugin[0m
[ 62%] [32mBuilding CXX object robot_state_rviz_plugin/CMakeFiles/moveit_robot_state_rviz_plugin.dir/src/plugin_init.cpp.o[0m
[ 64%] [32mBuilding CXX object planning_scene_rviz_plugin/CMakeFiles/moveit_planning_scene_rviz_plugin.dir/moveit_planning_scene_rviz_plugin_automoc.cpp.o[0m
[ 66%] [32m[1mLinking CXX shared library /home/jennie/irecheck/iReCheck/qtrobot_ws/devel/.private/moveit_ros_visualization/lib/libmoveit_planning_scene_rviz_plugin.so[0m
[ 66%] Built target moveit_planning_scene_rviz_plugin
[35m[1mScanning dependencies of target moveit_trajectory_rviz_plugin[0m
[ 67%] [32mBuilding CXX object trajectory_rviz_plugin/CMakeFiles/moveit_trajectory_rviz_plugin.dir/src/plugin_init.cpp.o[0m
[ 69%] [32mBuilding CXX object motion_planning_rviz_plugin/CMakeFiles/moveit_motion_planning_rviz_plugin_core.dir/src/motion_planning_frame_planning.cpp.o[0m
[ 71%] [32mBuilding CXX object robot_state_rviz_plugin/CMakeFiles/moveit_robot_state_rviz_plugin.dir/moveit_robot_state_rviz_plugin_automoc.cpp.o[0m
[ 73%] [32m[1mLinking CXX shared library /home/jennie/irecheck/iReCheck/qtrobot_ws/devel/.private/moveit_ros_visualization/lib/libmoveit_robot_state_rviz_plugin.so[0m
[ 73%] Built target moveit_robot_state_rviz_plugin
[ 75%] [32mBuilding CXX object motion_planning_rviz_plugin/CMakeFiles/moveit_motion_planning_rviz_plugin_core.dir/src/motion_planning_frame_objects.cpp.o[0m
[ 77%] [32mBuilding CXX object trajectory_rviz_plugin/CMakeFiles/moveit_trajectory_rviz_plugin.dir/moveit_trajectory_rviz_plugin_automoc.cpp.o[0m
[ 79%] [32m[1mLinking CXX shared library /home/jennie/irecheck/iReCheck/qtrobot_ws/devel/.private/moveit_ros_visualization/lib/libmoveit_trajectory_rviz_plugin.so[0m
[ 79%] Built target moveit_trajectory_rviz_plugin
[ 81%] [32mBuilding CXX object motion_planning_rviz_plugin/CMakeFiles/moveit_motion_planning_rviz_plugin_core.dir/src/motion_planning_frame_scenes.cpp.o[0m
[ 83%] [32mBuilding CXX object motion_planning_rviz_plugin/CMakeFiles/moveit_motion_planning_rviz_plugin_core.dir/src/motion_planning_frame_states.cpp.o[0m
[ 84%] [32mBuilding CXX object motion_planning_rviz_plugin/CMakeFiles/moveit_motion_planning_rviz_plugin_core.dir/src/motion_planning_frame_joints_widget.cpp.o[0m
[ 86%] [32mBuilding CXX object motion_planning_rviz_plugin/CMakeFiles/moveit_motion_planning_rviz_plugin_core.dir/src/motion_planning_display.cpp.o[0m
[ 88%] [32mBuilding CXX object motion_planning_rviz_plugin/CMakeFiles/moveit_motion_planning_rviz_plugin_core.dir/src/motion_planning_frame_manipulation.cpp.o[0m
[ 90%] [32mBuilding CXX object motion_planning_rviz_plugin/CMakeFiles/moveit_motion_planning_rviz_plugin_core.dir/src/motion_planning_param_widget.cpp.o[0m
[ 92%] [32mBuilding CXX object motion_planning_rviz_plugin/CMakeFiles/moveit_motion_planning_rviz_plugin_core.dir/moveit_motion_planning_rviz_plugin_core_automoc.cpp.o[0m
[ 94%] [32m[1mLinking CXX shared library /home/jennie/irecheck/iReCheck/qtrobot_ws/devel/.private/moveit_ros_visualization/lib/libmoveit_motion_planning_rviz_plugin_core.so[0m
[ 94%] Built target moveit_motion_planning_rviz_plugin_core
[35m[1mScanning dependencies of target moveit_motion_planning_rviz_plugin[0m
[ 96%] [32mBuilding CXX object motion_planning_rviz_plugin/CMakeFiles/moveit_motion_planning_rviz_plugin.dir/moveit_motion_planning_rviz_plugin_automoc.cpp.o[0m
[ 98%] [32mBuilding CXX object motion_planning_rviz_plugin/CMakeFiles/moveit_motion_planning_rviz_plugin.dir/src/plugin_init.cpp.o[0m
[100%] [32m[1mLinking CXX shared library /home/jennie/irecheck/iReCheck/qtrobot_ws/devel/.private/moveit_ros_visualization/lib/libmoveit_motion_planning_rviz_plugin.so[0m
[100%] Built target moveit_motion_planning_rviz_plugin
