Determining if the pthread_create exist failed with the following output:
Change Dir: /home/jennie/irecheck/iReCheck/qtrobot_ws/build_isolated/moveit_visual_tools/CMakeFiles/CMakeTmp

Run Build Command:"/usr/bin/make" "cmTC_2b6da/fast"
/usr/bin/make -f CMakeFiles/cmTC_2b6da.dir/build.make CMakeFiles/cmTC_2b6da.dir/build
make[1]: Entering directory '/home/jennie/irecheck/iReCheck/qtrobot_ws/build_isolated/moveit_visual_tools/CMakeFiles/CMakeTmp'
Building C object CMakeFiles/cmTC_2b6da.dir/CheckSymbolExists.c.o
/usr/bin/cc     -o CMakeFiles/cmTC_2b6da.dir/CheckSymbolExists.c.o   -c /home/jennie/irecheck/iReCheck/qtrobot_ws/build_isolated/moveit_visual_tools/CMakeFiles/CMakeTmp/CheckSymbolExists.c
Linking C executable cmTC_2b6da
/usr/bin/cmake -E cmake_link_script CMakeFiles/cmTC_2b6da.dir/link.txt --verbose=1
/usr/bin/cc       CMakeFiles/cmTC_2b6da.dir/CheckSymbolExists.c.o  -o cmTC_2b6da -rdynamic 
CMakeFiles/cmTC_2b6da.dir/CheckSymbolExists.c.o: In function `main':
CheckSymbolExists.c:(.text+0x16): undefined reference to `pthread_create'
collect2: error: ld returned 1 exit status
CMakeFiles/cmTC_2b6da.dir/build.make:97: recipe for target 'cmTC_2b6da' failed
make[1]: *** [cmTC_2b6da] Error 1
make[1]: Leaving directory '/home/jennie/irecheck/iReCheck/qtrobot_ws/build_isolated/moveit_visual_tools/CMakeFiles/CMakeTmp'
Makefile:126: recipe for target 'cmTC_2b6da/fast' failed
make: *** [cmTC_2b6da/fast] Error 2

File /home/jennie/irecheck/iReCheck/qtrobot_ws/build_isolated/moveit_visual_tools/CMakeFiles/CMakeTmp/CheckSymbolExists.c:
/* */
#include <pthread.h>

int main(int argc, char** argv)
{
  (void)argv;
#ifndef pthread_create
  return ((int*)(&pthread_create))[argc];
#else
  (void)argc;
  return 0;
#endif
}

Determining if the function pthread_create exists in the pthreads failed with the following output:
Change Dir: /home/jennie/irecheck/iReCheck/qtrobot_ws/build_isolated/moveit_visual_tools/CMakeFiles/CMakeTmp

Run Build Command:"/usr/bin/make" "cmTC_36bac/fast"
/usr/bin/make -f CMakeFiles/cmTC_36bac.dir/build.make CMakeFiles/cmTC_36bac.dir/build
make[1]: Entering directory '/home/jennie/irecheck/iReCheck/qtrobot_ws/build_isolated/moveit_visual_tools/CMakeFiles/CMakeTmp'
Building C object CMakeFiles/cmTC_36bac.dir/CheckFunctionExists.c.o
/usr/bin/cc    -DCHECK_FUNCTION_EXISTS=pthread_create   -o CMakeFiles/cmTC_36bac.dir/CheckFunctionExists.c.o   -c /usr/share/cmake-3.5/Modules/CheckFunctionExists.c
Linking C executable cmTC_36bac
/usr/bin/cmake -E cmake_link_script CMakeFiles/cmTC_36bac.dir/link.txt --verbose=1
/usr/bin/cc   -DCHECK_FUNCTION_EXISTS=pthread_create    CMakeFiles/cmTC_36bac.dir/CheckFunctionExists.c.o  -o cmTC_36bac -rdynamic -lpthreads 
/usr/bin/ld: cannot find -lpthreads
collect2: error: ld returned 1 exit status
CMakeFiles/cmTC_36bac.dir/build.make:97: recipe for target 'cmTC_36bac' failed
make[1]: *** [cmTC_36bac] Error 1
make[1]: Leaving directory '/home/jennie/irecheck/iReCheck/qtrobot_ws/build_isolated/moveit_visual_tools/CMakeFiles/CMakeTmp'
Makefile:126: recipe for target 'cmTC_36bac/fast' failed
make: *** [cmTC_36bac/fast] Error 2


