Determining if the pthread_create exist failed with the following output:
Change Dir: /home/jennie/irecheck/iReCheck/qtrobot_ws/build_isolated/moveit_ros_occupancy_map_monitor/CMakeFiles/CMakeTmp

Run Build Command:"/usr/bin/make" "cmTC_a143a/fast"
/usr/bin/make -f CMakeFiles/cmTC_a143a.dir/build.make CMakeFiles/cmTC_a143a.dir/build
make[1]: Entering directory '/home/jennie/irecheck/iReCheck/qtrobot_ws/build_isolated/moveit_ros_occupancy_map_monitor/CMakeFiles/CMakeTmp'
Building C object CMakeFiles/cmTC_a143a.dir/CheckSymbolExists.c.o
/usr/bin/cc     -o CMakeFiles/cmTC_a143a.dir/CheckSymbolExists.c.o   -c /home/jennie/irecheck/iReCheck/qtrobot_ws/build_isolated/moveit_ros_occupancy_map_monitor/CMakeFiles/CMakeTmp/CheckSymbolExists.c
Linking C executable cmTC_a143a
/usr/bin/cmake -E cmake_link_script CMakeFiles/cmTC_a143a.dir/link.txt --verbose=1
/usr/bin/cc       CMakeFiles/cmTC_a143a.dir/CheckSymbolExists.c.o  -o cmTC_a143a -rdynamic 
CMakeFiles/cmTC_a143a.dir/CheckSymbolExists.c.o: In function `main':
CheckSymbolExists.c:(.text+0x16): undefined reference to `pthread_create'
collect2: error: ld returned 1 exit status
CMakeFiles/cmTC_a143a.dir/build.make:97: recipe for target 'cmTC_a143a' failed
make[1]: *** [cmTC_a143a] Error 1
make[1]: Leaving directory '/home/jennie/irecheck/iReCheck/qtrobot_ws/build_isolated/moveit_ros_occupancy_map_monitor/CMakeFiles/CMakeTmp'
Makefile:126: recipe for target 'cmTC_a143a/fast' failed
make: *** [cmTC_a143a/fast] Error 2

File /home/jennie/irecheck/iReCheck/qtrobot_ws/build_isolated/moveit_ros_occupancy_map_monitor/CMakeFiles/CMakeTmp/CheckSymbolExists.c:
/* */
#include <pthread.h>

int main(int argc, char** argv)
{
  (void)argv;
#ifndef pthread_create
  return ((int*)(&pthread_create))[argc];
#else
  (void)argc;
  return 0;
#endif
}

Determining if the function pthread_create exists in the pthreads failed with the following output:
Change Dir: /home/jennie/irecheck/iReCheck/qtrobot_ws/build_isolated/moveit_ros_occupancy_map_monitor/CMakeFiles/CMakeTmp

Run Build Command:"/usr/bin/make" "cmTC_e864b/fast"
/usr/bin/make -f CMakeFiles/cmTC_e864b.dir/build.make CMakeFiles/cmTC_e864b.dir/build
make[1]: Entering directory '/home/jennie/irecheck/iReCheck/qtrobot_ws/build_isolated/moveit_ros_occupancy_map_monitor/CMakeFiles/CMakeTmp'
Building C object CMakeFiles/cmTC_e864b.dir/CheckFunctionExists.c.o
/usr/bin/cc    -DCHECK_FUNCTION_EXISTS=pthread_create   -o CMakeFiles/cmTC_e864b.dir/CheckFunctionExists.c.o   -c /usr/share/cmake-3.5/Modules/CheckFunctionExists.c
Linking C executable cmTC_e864b
/usr/bin/cmake -E cmake_link_script CMakeFiles/cmTC_e864b.dir/link.txt --verbose=1
/usr/bin/cc   -DCHECK_FUNCTION_EXISTS=pthread_create    CMakeFiles/cmTC_e864b.dir/CheckFunctionExists.c.o  -o cmTC_e864b -rdynamic -lpthreads 
/usr/bin/ld: cannot find -lpthreads
collect2: error: ld returned 1 exit status
CMakeFiles/cmTC_e864b.dir/build.make:97: recipe for target 'cmTC_e864b' failed
make[1]: *** [cmTC_e864b] Error 1
make[1]: Leaving directory '/home/jennie/irecheck/iReCheck/qtrobot_ws/build_isolated/moveit_ros_occupancy_map_monitor/CMakeFiles/CMakeTmp'
Makefile:126: recipe for target 'cmTC_e864b/fast' failed
make: *** [cmTC_e864b/fast] Error 2


