Determining if the pthread_create exist failed with the following output:
Change Dir: /home/jennie/irecheck/iReCheck/qtrobot_ws/build_isolated/moveit_ros/CMakeFiles/CMakeTmp

Run Build Command:"/usr/bin/make" "cmTC_9064f/fast"
/usr/bin/make -f CMakeFiles/cmTC_9064f.dir/build.make CMakeFiles/cmTC_9064f.dir/build
make[1]: Entering directory '/home/jennie/irecheck/iReCheck/qtrobot_ws/build_isolated/moveit_ros/CMakeFiles/CMakeTmp'
Building C object CMakeFiles/cmTC_9064f.dir/CheckSymbolExists.c.o
/usr/bin/cc     -o CMakeFiles/cmTC_9064f.dir/CheckSymbolExists.c.o   -c /home/jennie/irecheck/iReCheck/qtrobot_ws/build_isolated/moveit_ros/CMakeFiles/CMakeTmp/CheckSymbolExists.c
Linking C executable cmTC_9064f
/usr/bin/cmake -E cmake_link_script CMakeFiles/cmTC_9064f.dir/link.txt --verbose=1
/usr/bin/cc       CMakeFiles/cmTC_9064f.dir/CheckSymbolExists.c.o  -o cmTC_9064f -rdynamic 
CMakeFiles/cmTC_9064f.dir/CheckSymbolExists.c.o: In function `main':
CheckSymbolExists.c:(.text+0x16): undefined reference to `pthread_create'
collect2: error: ld returned 1 exit status
CMakeFiles/cmTC_9064f.dir/build.make:97: recipe for target 'cmTC_9064f' failed
make[1]: *** [cmTC_9064f] Error 1
make[1]: Leaving directory '/home/jennie/irecheck/iReCheck/qtrobot_ws/build_isolated/moveit_ros/CMakeFiles/CMakeTmp'
Makefile:126: recipe for target 'cmTC_9064f/fast' failed
make: *** [cmTC_9064f/fast] Error 2

File /home/jennie/irecheck/iReCheck/qtrobot_ws/build_isolated/moveit_ros/CMakeFiles/CMakeTmp/CheckSymbolExists.c:
/* */
#include <pthread.h>

int main(int argc, char** argv)
{
  (void)argv;
#ifndef pthread_create
  return ((int*)(&pthread_create))[argc];
#else
  (void)argc;
  return 0;
#endif
}

Determining if the function pthread_create exists in the pthreads failed with the following output:
Change Dir: /home/jennie/irecheck/iReCheck/qtrobot_ws/build_isolated/moveit_ros/CMakeFiles/CMakeTmp

Run Build Command:"/usr/bin/make" "cmTC_36d7d/fast"
/usr/bin/make -f CMakeFiles/cmTC_36d7d.dir/build.make CMakeFiles/cmTC_36d7d.dir/build
make[1]: Entering directory '/home/jennie/irecheck/iReCheck/qtrobot_ws/build_isolated/moveit_ros/CMakeFiles/CMakeTmp'
Building C object CMakeFiles/cmTC_36d7d.dir/CheckFunctionExists.c.o
/usr/bin/cc    -DCHECK_FUNCTION_EXISTS=pthread_create   -o CMakeFiles/cmTC_36d7d.dir/CheckFunctionExists.c.o   -c /usr/share/cmake-3.5/Modules/CheckFunctionExists.c
Linking C executable cmTC_36d7d
/usr/bin/cmake -E cmake_link_script CMakeFiles/cmTC_36d7d.dir/link.txt --verbose=1
/usr/bin/cc   -DCHECK_FUNCTION_EXISTS=pthread_create    CMakeFiles/cmTC_36d7d.dir/CheckFunctionExists.c.o  -o cmTC_36d7d -rdynamic -lpthreads 
/usr/bin/ld: cannot find -lpthreads
collect2: error: ld returned 1 exit status
CMakeFiles/cmTC_36d7d.dir/build.make:97: recipe for target 'cmTC_36d7d' failed
make[1]: *** [cmTC_36d7d] Error 1
make[1]: Leaving directory '/home/jennie/irecheck/iReCheck/qtrobot_ws/build_isolated/moveit_ros/CMakeFiles/CMakeTmp'
Makefile:126: recipe for target 'cmTC_36d7d/fast' failed
make: *** [cmTC_36d7d/fast] Error 2


