Determining if the pthread_create exist failed with the following output:
Change Dir: /home/jennie/irecheck/iReCheck/qtrobot_ws/build_isolated/geometric_shapes/CMakeFiles/CMakeTmp

Run Build Command:"/usr/bin/make" "cmTC_eaf4e/fast"
/usr/bin/make -f CMakeFiles/cmTC_eaf4e.dir/build.make CMakeFiles/cmTC_eaf4e.dir/build
make[1]: Entering directory '/home/jennie/irecheck/iReCheck/qtrobot_ws/build_isolated/geometric_shapes/CMakeFiles/CMakeTmp'
Building C object CMakeFiles/cmTC_eaf4e.dir/CheckSymbolExists.c.o
/usr/bin/cc     -o CMakeFiles/cmTC_eaf4e.dir/CheckSymbolExists.c.o   -c /home/jennie/irecheck/iReCheck/qtrobot_ws/build_isolated/geometric_shapes/CMakeFiles/CMakeTmp/CheckSymbolExists.c
Linking C executable cmTC_eaf4e
/usr/bin/cmake -E cmake_link_script CMakeFiles/cmTC_eaf4e.dir/link.txt --verbose=1
/usr/bin/cc       CMakeFiles/cmTC_eaf4e.dir/CheckSymbolExists.c.o  -o cmTC_eaf4e -rdynamic 
CMakeFiles/cmTC_eaf4e.dir/CheckSymbolExists.c.o: In function `main':
CheckSymbolExists.c:(.text+0x16): undefined reference to `pthread_create'
collect2: error: ld returned 1 exit status
CMakeFiles/cmTC_eaf4e.dir/build.make:97: recipe for target 'cmTC_eaf4e' failed
make[1]: *** [cmTC_eaf4e] Error 1
make[1]: Leaving directory '/home/jennie/irecheck/iReCheck/qtrobot_ws/build_isolated/geometric_shapes/CMakeFiles/CMakeTmp'
Makefile:126: recipe for target 'cmTC_eaf4e/fast' failed
make: *** [cmTC_eaf4e/fast] Error 2

File /home/jennie/irecheck/iReCheck/qtrobot_ws/build_isolated/geometric_shapes/CMakeFiles/CMakeTmp/CheckSymbolExists.c:
/* */
#include <pthread.h>

int main(int argc, char** argv)
{
  (void)argv;
#ifndef pthread_create
  return ((int*)(&pthread_create))[argc];
#else
  (void)argc;
  return 0;
#endif
}

Determining if the function pthread_create exists in the pthreads failed with the following output:
Change Dir: /home/jennie/irecheck/iReCheck/qtrobot_ws/build_isolated/geometric_shapes/CMakeFiles/CMakeTmp

Run Build Command:"/usr/bin/make" "cmTC_d299c/fast"
/usr/bin/make -f CMakeFiles/cmTC_d299c.dir/build.make CMakeFiles/cmTC_d299c.dir/build
make[1]: Entering directory '/home/jennie/irecheck/iReCheck/qtrobot_ws/build_isolated/geometric_shapes/CMakeFiles/CMakeTmp'
Building C object CMakeFiles/cmTC_d299c.dir/CheckFunctionExists.c.o
/usr/bin/cc    -DCHECK_FUNCTION_EXISTS=pthread_create   -o CMakeFiles/cmTC_d299c.dir/CheckFunctionExists.c.o   -c /usr/share/cmake-3.5/Modules/CheckFunctionExists.c
Linking C executable cmTC_d299c
/usr/bin/cmake -E cmake_link_script CMakeFiles/cmTC_d299c.dir/link.txt --verbose=1
/usr/bin/cc   -DCHECK_FUNCTION_EXISTS=pthread_create    CMakeFiles/cmTC_d299c.dir/CheckFunctionExists.c.o  -o cmTC_d299c -rdynamic -lpthreads 
/usr/bin/ld: cannot find -lpthreads
collect2: error: ld returned 1 exit status
CMakeFiles/cmTC_d299c.dir/build.make:97: recipe for target 'cmTC_d299c' failed
make[1]: *** [cmTC_d299c] Error 1
make[1]: Leaving directory '/home/jennie/irecheck/iReCheck/qtrobot_ws/build_isolated/geometric_shapes/CMakeFiles/CMakeTmp'
Makefile:126: recipe for target 'cmTC_d299c/fast' failed
make: *** [cmTC_d299c/fast] Error 2


