Determining if the pthread_create exist failed with the following output:
Change Dir: /home/jennie/irecheck/iReCheck/qtrobot_ws/build_isolated/moveit_planners_chomp/CMakeFiles/CMakeTmp

Run Build Command:"/usr/bin/make" "cmTC_d8501/fast"
/usr/bin/make -f CMakeFiles/cmTC_d8501.dir/build.make CMakeFiles/cmTC_d8501.dir/build
make[1]: Entering directory '/home/jennie/irecheck/iReCheck/qtrobot_ws/build_isolated/moveit_planners_chomp/CMakeFiles/CMakeTmp'
Building C object CMakeFiles/cmTC_d8501.dir/CheckSymbolExists.c.o
/usr/bin/cc     -o CMakeFiles/cmTC_d8501.dir/CheckSymbolExists.c.o   -c /home/jennie/irecheck/iReCheck/qtrobot_ws/build_isolated/moveit_planners_chomp/CMakeFiles/CMakeTmp/CheckSymbolExists.c
Linking C executable cmTC_d8501
/usr/bin/cmake -E cmake_link_script CMakeFiles/cmTC_d8501.dir/link.txt --verbose=1
/usr/bin/cc       CMakeFiles/cmTC_d8501.dir/CheckSymbolExists.c.o  -o cmTC_d8501 -rdynamic 
CMakeFiles/cmTC_d8501.dir/CheckSymbolExists.c.o: In function `main':
CheckSymbolExists.c:(.text+0x16): undefined reference to `pthread_create'
collect2: error: ld returned 1 exit status
CMakeFiles/cmTC_d8501.dir/build.make:97: recipe for target 'cmTC_d8501' failed
make[1]: *** [cmTC_d8501] Error 1
make[1]: Leaving directory '/home/jennie/irecheck/iReCheck/qtrobot_ws/build_isolated/moveit_planners_chomp/CMakeFiles/CMakeTmp'
Makefile:126: recipe for target 'cmTC_d8501/fast' failed
make: *** [cmTC_d8501/fast] Error 2

File /home/jennie/irecheck/iReCheck/qtrobot_ws/build_isolated/moveit_planners_chomp/CMakeFiles/CMakeTmp/CheckSymbolExists.c:
/* */
#include <pthread.h>

int main(int argc, char** argv)
{
  (void)argv;
#ifndef pthread_create
  return ((int*)(&pthread_create))[argc];
#else
  (void)argc;
  return 0;
#endif
}

Determining if the function pthread_create exists in the pthreads failed with the following output:
Change Dir: /home/jennie/irecheck/iReCheck/qtrobot_ws/build_isolated/moveit_planners_chomp/CMakeFiles/CMakeTmp

Run Build Command:"/usr/bin/make" "cmTC_167d4/fast"
/usr/bin/make -f CMakeFiles/cmTC_167d4.dir/build.make CMakeFiles/cmTC_167d4.dir/build
make[1]: Entering directory '/home/jennie/irecheck/iReCheck/qtrobot_ws/build_isolated/moveit_planners_chomp/CMakeFiles/CMakeTmp'
Building C object CMakeFiles/cmTC_167d4.dir/CheckFunctionExists.c.o
/usr/bin/cc    -DCHECK_FUNCTION_EXISTS=pthread_create   -o CMakeFiles/cmTC_167d4.dir/CheckFunctionExists.c.o   -c /usr/share/cmake-3.5/Modules/CheckFunctionExists.c
Linking C executable cmTC_167d4
/usr/bin/cmake -E cmake_link_script CMakeFiles/cmTC_167d4.dir/link.txt --verbose=1
/usr/bin/cc   -DCHECK_FUNCTION_EXISTS=pthread_create    CMakeFiles/cmTC_167d4.dir/CheckFunctionExists.c.o  -o cmTC_167d4 -rdynamic -lpthreads 
/usr/bin/ld: cannot find -lpthreads
collect2: error: ld returned 1 exit status
CMakeFiles/cmTC_167d4.dir/build.make:97: recipe for target 'cmTC_167d4' failed
make[1]: *** [cmTC_167d4] Error 1
make[1]: Leaving directory '/home/jennie/irecheck/iReCheck/qtrobot_ws/build_isolated/moveit_planners_chomp/CMakeFiles/CMakeTmp'
Makefile:126: recipe for target 'cmTC_167d4/fast' failed
make: *** [cmTC_167d4/fast] Error 2


